<?xml version="1.0" encoding="UTF-8"?>
<!-- Generated by org.testng.reporters.JUnitXMLReporter -->
<testsuite hostname="Mrinmoys-MacBook-Pro.local" ignored="0" name="Test" tests="1" failures="1" timestamp="2021-07-08T09:37:46 IST" time="0.215" errors="0">
  <testcase name="LoginTC" time="0.131" classname="randomTestPack.Login">
    <failure type="java.lang.IllegalStateException" message="The driver executable does not exist: /Users/Mrinmoy/Documents/Study_Materials/Eclipse_Projects/javaCodePrac/C:\Users\Mrinmoy\Selenium_Driver\chromedriver.exe">
      <![CDATA[java.lang.IllegalStateException: The driver executable does not exist: /Users/Mrinmoy/Documents/Study_Materials/Eclipse_Projects/javaCodePrac/C:\Users\Mrinmoy\Selenium_Driver\chromedriver.exe
at com.google.common.base.Preconditions.checkState(Preconditions.java:589)
at org.openqa.selenium.remote.service.DriverService.checkExecutable(DriverService.java:154)
at org.openqa.selenium.remote.service.DriverService.findExecutable(DriverService.java:149)
at org.openqa.selenium.chrome.ChromeDriverService.access$000(ChromeDriverService.java:36)
at org.openqa.selenium.chrome.ChromeDriverService$Builder.findDefaultExecutable(ChromeDriverService.java:195)
at org.openqa.selenium.remote.service.DriverService$Builder.build(DriverService.java:389)
at org.openqa.selenium.chrome.ChromeDriverService.createDefaultService(ChromeDriverService.java:118)
at org.openqa.selenium.chrome.ChromeDriver.<init>(ChromeDriver.java:105)
at randomTestPack.Login.LoginTC(Login.java:11)
at java.util.ArrayList.forEach(ArrayList.java:1259)
... Removed 27 stack frames]]>
    </failure>
  </testcase> <!-- LoginTC -->
</testsuite> <!-- Test -->
